[2022-06-03T02:31:06.886597+02:00] log.INFO: Login {"message":"Gurjot Singh is logged in"} []
[2022-06-03T02:34:10.524006+02:00] log.INFO: Login {"message":"Gurjot Singh is logged in"} []
[2022-06-03T02:34:13.709354+02:00] log.INFO: Logout {"message":"Gurjot Singh is logged out"} []
[2022-06-03T02:51:53.558234+02:00] log.INFO: Login {"message":"Gurjot Singh is logged in"} []
[2022-06-11T08:43:08.604398+02:00] log.INFO: Logout {"message":"Gurjot Singh is logged out"} []
[2022-06-11T08:43:31.338248+02:00] log.INFO: Login {"message":"Gurjot Singh is logged in"} []
[2022-06-11T08:43:33.422223+02:00] log.INFO: Logout {"message":"Gurjot Singh is logged out"} []
[2022-06-11T08:51:05.158239+02:00] log.INFO: Logout {"message":"gurpinder is logged out"} []
[2022-06-11T16:03:05.432830+02:00] log.INFO: Logout {"message":"Gurpinder Singh is logged out"} []
[2022-06-11T16:03:16.763046+02:00] log.INFO: Login {"message":"Gurjot Singh is logged in"} []
[2022-06-12T13:01:59.924571+02:00] log.INFO: Logout {"message":"Gurjot Singh is logged out"} []
[2022-06-12T13:49:55.525928+02:00] log.INFO: Login {"message":"Gurjot Singh is logged in"} []
[2022-06-12T13:50:30.978615+02:00] log.INFO: Logout {"message":"Gurjot Singh is logged out"} []
[2022-06-15T08:32:06.365618+02:00] log.INFO: Login {"message":"Gurjot Singh is logged in"} []
[2022-06-15T11:59:54.536935+02:00] log.INFO: Logout {"message":"Gurjot Singh is logged out"} []
[2022-06-15T12:08:27.946803+02:00] log.INFO: Logout {"message":"gurpinder is logged out"} []
[2022-06-15T14:00:42.735466+02:00] log.INFO: Login {"message":"Gurjot Singh is logged in"} []
[2022-06-16T08:10:42.816667+02:00] log.INFO: Login {"message":"Gurpinder singh is logged in"} []
[2022-06-16T08:18:31.493804+02:00] log.INFO: Logout {"message":"Gurpinder singh is logged out"} []
[2022-06-16T08:18:48.144584+02:00] log.INFO: Login {"message":"Gurpinder Singh is logged in"} []
[2022-06-16T08:28:28.619030+02:00] log.INFO: Logout {"message":"Gurpinder Singh is logged out"} []
